<?xml version="1.0" encoding="UTF-8"?>
<!-- Generated by org.testng.reporters.JUnitXMLReporter -->
<testsuite hostname="12NAWA7ER32PG7M" name="Test" tests="1" failures="0" timestamp="5 Mar 2019 01:27:45 GMT" time="0.063" errors="0">
  <testcase name="@BeforeClass a1" time="0.0" classname="com.testcase.logintestcase">
    <failure type="java.lang.IllegalStateException" message="The driver executable does not exist: C:\Users\Administrator\Desktop\.\Tools\chromedriver.exe">
      <![CDATA[java.lang.IllegalStateException: The driver executable does not exist: C:\Users\Administrator\Desktop\.\Tools\chromedriver.exe
	at com.google.common.base.Preconditions.checkState(Preconditions.java:199)
	at org.openqa.selenium.remote.service.DriverService.checkExecutable(DriverService.java:121)
	at org.openqa.selenium.remote.service.DriverService.findExecutable(DriverService.java:116)
	at org.openqa.selenium.chrome.ChromeDriverService.access$0(ChromeDriverService.java:1)
	at org.openqa.selenium.chrome.ChromeDriverService$Builder.findDefaultExecutable(ChromeDriverService.java:137)
	at org.openqa.selenium.remote.service.DriverService$Builder.build(DriverService.java:296)
	at org.openqa.selenium.chrome.ChromeDriverService.createDefaultService(ChromeDriverService.java:88)
	at org.openqa.selenium.chrome.ChromeDriver.<init>(ChromeDriver.java:116)
	at com.util.loginutil.a1(loginutil.java:15)
... Removed 23 stack frames]]>
    </failure>
  </testcase> <!-- @BeforeClass a1 -->
  <testcase name="@AfterClass a4" time="0.0" classname="com.testcase.logintestcase">
    <skipped/>
  </testcase> <!-- @AfterClass a4 -->
  <testcase name="utils" time="0.0" classname="com.testcase.logintestcase">
    <skipped/>
  </testcase> <!-- utils -->
</testsuite> <!-- Test -->
